<?xml version="1.0" encoding="UTF-8"?>
<!-- Generated by org.testng.reporters.JUnitReportReporter -->
<testsuite hostname="DESKTOP-1ACHF76" failures="0" tests="2" name="bddRunner.Login_TC001" time="154.908" errors="0" timestamp="2025-07-17T20:08:31 IST" skipped="0">
  <testcase classname="bddRunner.Login_TC001" name="runScenario" time="105.888"/>
  <testcase classname="bddRunner.Login_TC001" name="runScenario" time="49.020"/>
</testsuite> <!-- bddRunner.Login_TC001 -->
