<?xml version="1.0" encoding="UTF-8"?>
<!-- Generated by org.testng.reporters.JUnitReportReporter -->
<testsuite hostname="DESKTOP-1ACHF76" failures="0" tests="1" name="runner.TC002_CreateLead" time="87.696" errors="0" timestamp="2025-07-17T20:08:31 IST" skipped="0">
  <testcase classname="runner.TC002_CreateLead" name="runCreateLead" time="87.696"/>
</testsuite> <!-- runner.TC002_CreateLead -->
