<?xml version="1.0" encoding="UTF-8"?>
<!-- Generated by org.testng.reporters.JUnitReportReporter -->
<testsuite hostname="DESKTOP-1ACHF76" failures="0" tests="1" name="runner.TC001_LoginTC" time="73.124" errors="0" timestamp="2025-07-17T20:08:31 IST" skipped="0">
  <testcase classname="runner.TC001_LoginTC" name="runLogin" time="73.124"/>
</testsuite> <!-- runner.TC001_LoginTC -->
